<?xml version="1.0" encoding="UTF-8"?>
<!-- Generated by org.testng.reporters.JUnitReportReporter -->
<testsuite hostname="SUBESHA" failures="0" tests="1" name="com.example.AppTest" time="27.943" errors="0" timestamp="2024-05-02T14:53:04 IST" skipped="0">
  <testcase classname="com.example.AppTest" name="testCase1" time="27.943"/>
</testsuite> <!-- com.example.AppTest -->
